{"asctime": "2025-09-29 11:00:18,141", "name": "root", "levelname": "INFO", "message": "Logging configured successfully"}
{"asctime": "2025-09-29 11:00:18,159", "name": "app.main", "levelname": "INFO", "message": "Starting ExoPlanet AI API..."}
{"asctime": "2025-09-29 11:00:18,183", "name": "app.main", "levelname": "INFO", "message": "Database tables created successfully"}
{"asctime": "2025-10-04 12:45:56,807", "name": "root", "levelname": "INFO", "message": "Logging configured successfully"}
{"asctime": "2025-10-04 12:45:56,824", "name": "app.main", "levelname": "INFO", "message": "Starting ExoPlanet AI API..."}
{"asctime": "2025-10-04 12:45:56,871", "name": "app.main", "levelname": "INFO", "message": "Database tables created successfully"}
{"asctime": "2025-10-04 12:52:10,071", "name": "app.main", "levelname": "INFO", "message": "Shutting down ExoPlanet AI API..."}
{"asctime": "2025-10-04 12:52:34,939", "name": "root", "levelname": "INFO", "message": "Logging configured successfully"}
{"asctime": "2025-10-04 12:52:34,954", "name": "app.main", "levelname": "INFO", "message": "Starting ExoPlanet AI API..."}
{"asctime": "2025-10-04 12:52:34,967", "name": "app.main", "levelname": "INFO", "message": "Database tables created successfully"}
{"asctime": "2025-10-04 12:54:10,414", "name": "app.main", "levelname": "INFO", "message": "Shutting down ExoPlanet AI API..."}
{"asctime": "2025-10-04 12:59:28,226", "name": "root", "levelname": "INFO", "message": "Logging configured successfully"}
{"asctime": "2025-10-04 12:59:28,246", "name": "app.main", "levelname": "INFO", "message": "Starting ExoPlanet AI API..."}
{"asctime": "2025-10-04 12:59:28,256", "name": "app.main", "levelname": "INFO", "message": "Database tables created successfully"}
{"asctime": "2025-10-04 14:05:01,311", "name": "app.main", "levelname": "INFO", "message": "Shutting down ExoPlanet AI API..."}
{"asctime": "2025-10-05 07:40:45,600", "name": "root", "levelname": "INFO", "message": "Logging configured successfully"}
{"asctime": "2025-10-05 07:40:45,628", "name": "app.main", "levelname": "INFO", "message": "Starting ExoPlanet AI API..."}
{"asctime": "2025-10-05 07:40:45,676", "name": "app.main", "levelname": "INFO", "message": "Database tables created successfully"}
{"asctime": "2025-10-05 08:19:04,778", "name": "app.main", "levelname": "INFO", "message": "Shutting down ExoPlanet AI API..."}
{"asctime": "2025-10-05 08:21:02,936", "name": "root", "levelname": "INFO", "message": "Logging configured successfully"}
{"asctime": "2025-10-05 08:21:02,961", "name": "app.main", "levelname": "INFO", "message": "Starting ExoPlanet AI API..."}
{"asctime": "2025-10-05 08:21:02,986", "name": "app.main", "levelname": "INFO", "message": "Database tables created successfully"}
{"asctime": "2025-10-05 08:28:40,559", "name": "app.main", "levelname": "INFO", "message": "Shutting down ExoPlanet AI API..."}
{"asctime": "2025-10-05 08:29:02,852", "name": "root", "levelname": "INFO", "message": "Logging configured successfully"}
{"asctime": "2025-10-05 08:29:02,871", "name": "app.main", "levelname": "INFO", "message": "Starting ExoPlanet AI API..."}
{"asctime": "2025-10-05 08:29:02,888", "name": "app.main", "levelname": "INFO", "message": "Database tables created successfully"}
{"asctime": "2025-10-05 08:38:43,477", "name": "app.main", "levelname": "INFO", "message": "Shutting down ExoPlanet AI API..."}
{"asctime": "2025-10-05 08:38:46,830", "name": "root", "levelname": "INFO", "message": "Logging configured successfully"}
{"asctime": "2025-10-05 08:38:46,889", "name": "app.main", "levelname": "INFO", "message": "Starting ExoPlanet AI API..."}
{"asctime": "2025-10-05 08:38:46,914", "name": "app.main", "levelname": "INFO", "message": "Database tables created successfully"}
{"asctime": "2025-10-05 08:39:17,166", "name": "app.main", "levelname": "INFO", "message": "Shutting down ExoPlanet AI API..."}
{"asctime": "2025-10-05 08:39:19,636", "name": "root", "levelname": "INFO", "message": "Logging configured successfully"}
{"asctime": "2025-10-05 08:39:19,656", "name": "app.main", "levelname": "INFO", "message": "Starting ExoPlanet AI API..."}
{"asctime": "2025-10-05 08:39:19,663", "name": "app.main", "levelname": "INFO", "message": "Database tables created successfully"}
{"asctime": "2025-10-05 08:39:30,812", "name": "root", "levelname": "INFO", "message": "Logging configured successfully"}
{"asctime": "2025-10-05 08:40:07,598", "name": "root", "levelname": "INFO", "message": "Logging configured successfully"}
{"asctime": "2025-10-05 08:40:07,622", "name": "app.main", "levelname": "INFO", "message": "Starting ExoPlanet AI API..."}
{"asctime": "2025-10-05 08:40:07,631", "name": "app.main", "levelname": "INFO", "message": "Database tables created successfully"}
{"asctime": "2025-10-05 08:42:43,475", "name": "app.main", "levelname": "INFO", "message": "Shutting down ExoPlanet AI API..."}
{"asctime": "2025-10-05 08:43:03,902", "name": "root", "levelname": "INFO", "message": "Logging configured successfully"}
{"asctime": "2025-10-05 08:43:03,923", "name": "app.main", "levelname": "INFO", "message": "Starting ExoPlanet AI API..."}
{"asctime": "2025-10-05 08:43:03,934", "name": "app.main", "levelname": "INFO", "message": "Database tables created successfully"}
{"asctime": "2025-10-05 12:39:47,301", "name": "root", "levelname": "INFO", "message": "Logging configured successfully"}
{"asctime": "2025-10-05 12:39:47,329", "name": "app.main", "levelname": "INFO", "message": "Starting ExoPlanet AI API..."}
{"asctime": "2025-10-05 12:39:47,349", "name": "app.main", "levelname": "INFO", "message": "Database tables created successfully"}
{"asctime": "2025-10-05 13:28:47,607", "name": "asyncio", "levelname": "ERROR", "message": "Exception in callback _ProactorBasePipeTransport._call_connection_lost()\nhandle: <Handle _ProactorBasePipeTransport._call_connection_lost()>", "exc_info": "Traceback (most recent call last):\n  File \"C:\\Program Files\\Python313\\Lib\\asyncio\\events.py\", line 89, in _run\n    self._context.run(self._callback, *self._args)\n    ~~~~~~~~~~~~~~~~~^^^^^^^^^^^^^^^^^^^^^^^^^^^^^\n  File \"C:\\Program Files\\Python313\\Lib\\asyncio\\proactor_events.py\", line 165, in _call_connection_lost\n    self._sock.shutdown(socket.SHUT_RDWR)\n    ~~~~~~~~~~~~~~~~~~~^^^^^^^^^^^^^^^^^^\nConnectionResetError: [WinError 10054] An existing connection was forcibly closed by the remote host"}
{"asctime": "2025-10-05 14:26:30,288", "name": "root", "levelname": "INFO", "message": "Logging configured successfully"}
{"asctime": "2025-10-05 14:26:30,317", "name": "app.main", "levelname": "INFO", "message": "Starting ExoPlanet AI API..."}
{"asctime": "2025-10-05 14:26:30,337", "name": "app.main", "levelname": "INFO", "message": "Database tables created successfully"}
{"asctime": "2025-10-05 17:54:13,397", "name": "app.main", "levelname": "INFO", "message": "Shutting down ExoPlanet AI API..."}
{"asctime": "2025-10-05 18:02:40,949", "name": "root", "levelname": "INFO", "message": "Logging configured successfully"}
{"asctime": "2025-10-05 18:02:40,974", "name": "app.main", "levelname": "INFO", "message": "Starting ExoPlanet AI API..."}
{"asctime": "2025-10-05 18:02:40,989", "name": "app.main", "levelname": "INFO", "message": "Database tables created successfully"}
{"asctime": "2025-10-05 18:04:13,053", "name": "app.main", "levelname": "INFO", "message": "Shutting down ExoPlanet AI API..."}
{"asctime": "2025-10-05 18:05:22,034", "name": "root", "levelname": "INFO", "message": "Logging configured successfully"}
{"asctime": "2025-10-05 18:05:22,057", "name": "app.main", "levelname": "INFO", "message": "Starting ExoPlanet AI API..."}
{"asctime": "2025-10-05 18:05:22,065", "name": "app.main", "levelname": "INFO", "message": "Database tables created successfully"}
{"asctime": "2025-10-05 18:38:33,165", "name": "app.main", "levelname": "INFO", "message": "Shutting down ExoPlanet AI API..."}
{"asctime": "2025-10-05 19:38:46,790", "name": "root", "levelname": "INFO", "message": "Logging configured successfully"}
{"asctime": "2025-10-05 19:38:46,808", "name": "app.main", "levelname": "INFO", "message": "Starting ExoPlanet AI API..."}
{"asctime": "2025-10-05 19:38:46,824", "name": "app.main", "levelname": "INFO", "message": "Database tables created successfully"}
{"asctime": "2025-10-05 19:59:11,272", "name": "root", "levelname": "INFO", "message": "Logging configured successfully"}
{"asctime": "2025-10-05 19:59:11,288", "name": "app.main", "levelname": "INFO", "message": "Starting ExoPlanet AI API..."}
{"asctime": "2025-10-05 19:59:11,297", "name": "app.main", "levelname": "INFO", "message": "Database tables created successfully"}
{"asctime": "2025-10-05 20:17:08,172", "name": "root", "levelname": "INFO", "message": "Logging configured successfully"}
{"asctime": "2025-10-05 20:17:08,190", "name": "app.main", "levelname": "INFO", "message": "Starting ExoPlanet AI API..."}
{"asctime": "2025-10-05 20:17:08,208", "name": "app.main", "levelname": "INFO", "message": "Database tables created successfully"}
{"asctime": "2025-10-05 20:18:15,039", "name": "root", "levelname": "INFO", "message": "Logging configured successfully"}
{"asctime": "2025-10-05 20:18:15,069", "name": "app.main", "levelname": "INFO", "message": "Starting ExoPlanet AI API..."}
{"asctime": "2025-10-05 20:18:15,077", "name": "app.main", "levelname": "INFO", "message": "Database tables created successfully"}
{"asctime": "2025-10-05 21:03:28,473", "name": "root", "levelname": "INFO", "message": "Logging configured successfully"}
{"asctime": "2025-10-05 21:03:28,495", "name": "app.main", "levelname": "INFO", "message": "Starting ExoPlanet AI API..."}
{"asctime": "2025-10-05 21:03:28,510", "name": "app.main", "levelname": "INFO", "message": "Database tables created successfully"}
{"asctime": "2025-10-05 21:12:55,954", "name": "root", "levelname": "INFO", "message": "Logging configured successfully"}
{"asctime": "2025-10-05 21:12:55,982", "name": "app.main", "levelname": "INFO", "message": "Starting ExoPlanet AI API..."}
{"asctime": "2025-10-05 21:12:56,000", "name": "app.main", "levelname": "INFO", "message": "Database tables created successfully"}
{"asctime": "2025-10-05 21:20:46,607", "name": "root", "levelname": "INFO", "message": "Logging configured successfully"}
{"asctime": "2025-10-05 21:20:46,628", "name": "app.main", "levelname": "INFO", "message": "Starting ExoPlanet AI API..."}
{"asctime": "2025-10-05 21:20:46,633", "name": "app.main", "levelname": "INFO", "message": "Database tables created successfully"}
